<?xml version="1.0" encoding="UTF-8"?>
<testsuite xmlns:xsi="http://www.w3.org/2001/XMLSchema-instance" xsi:noNamespaceSchemaLocation="https://maven.apache.org/surefire/maven-surefire-plugin/xsd/surefire-test-report.xsd" version="3.0.2" name="TestRunner.Run" time="39.139" tests="3" errors="0" skipped="0" failures="0">
  <properties>
[...]
</properties>
  <testcase name="Add New Customer" classname="Customers" time="16.009">
    <system-out><![CDATA[
Scenario: Add New Customer                                                                  # file:///C:/Users/DELL/Documents/MyCucumberFrameWork/./Features/Customers.feature:10
  ✔ Given User Launch Chrome browser                                                        # StepDefinition.StepDef.user_launch_chrome_browser()
  ✔ When User open URL "https://admin-demo.nopcommerce.com/login?ReturnUrl=%2Fadmin%2F"     # StepDefinition.StepDef.user_open_url(java.lang.String)
  ✔ And User enters Email as "admin@yourstore.com" and password as "admin"                  # StepDefinition.StepDef.user_enters_email_as_and_password_as(java.lang.String,java.lang.String)
  ✔ And click on login button                                                               # StepDefinition.StepDef.click_on_login_button()
  ✔ Then User can view Dashboard                                                            # StepDefinition.StepDef.user_can_view_dashboard()
  ✔ When User click on customers Menu                                                       # StepDefinition.StepDef.user_click_on_customers_menu()
  ✔ And click on customers Menu Item                                                        # StepDefinition.StepDef.click_on_customers_menu_item()
  ✔ And click on Add new Button                                                             # StepDefinition.StepDef.click_on_add_new_button()
  ✔ Then User can view Add new customers page                                               # StepDefinition.StepDef.user_can_view_add_new_customers_page()
  ✔ When user enter customer info                                                           # StepDefinition.StepDef.user_enter_customer_info()
  ✔ And click on save button                                                                # StepDefinition.StepDef.click_on_save_button()
  ✔ Then User can view confirmation message "The new customer has been added successfully." # StepDefinition.StepDef.user_can_view_confirmation_message(java.lang.String)
  ✔ And close browser                                                                       # StepDefinition.StepDef.close_browser()
]]></system-out>
    <system-err><![CDATA[SLF4J(W): No SLF4J providers were found.
SLF4J(W): Defaulting to no-operation (NOP) logger implementation
SLF4J(W): See https://www.slf4j.org/codes.html#noProviders for further details.
Oct 02, 2025 10:20:05 PM org.openqa.selenium.devtools.CdpVersionFinder findNearestMatch
WARNING: Unable to find an exact match for CDP version 140, returning the closest version; found: 139; Please update to a Selenium version that supports CDP version 140
]]></system-err>
  </testcase>
  <testcase name="Search Customer by Email" classname="Customers" time="10.601">
    <system-out><![CDATA[
Scenario: Search Customer by Email                                                      # file:///C:/Users/DELL/Documents/MyCucumberFrameWork/./Features/Customers.feature:20
  ✔ Given User Launch Chrome browser                                                    # StepDefinition.StepDef.user_launch_chrome_browser()
  ✔ When User open URL "https://admin-demo.nopcommerce.com/login?ReturnUrl=%2Fadmin%2F" # StepDefinition.StepDef.user_open_url(java.lang.String)
  ✔ And User enters Email as "admin@yourstore.com" and password as "admin"              # StepDefinition.StepDef.user_enters_email_as_and_password_as(java.lang.String,java.lang.String)
  ✔ And click on login button                                                           # StepDefinition.StepDef.click_on_login_button()
  ✔ Then User can view Dashboard                                                        # StepDefinition.StepDef.user_can_view_dashboard()
  ✔ When User click on customers Menu                                                   # StepDefinition.StepDef.user_click_on_customers_menu()
  ✔ And click on customers Menu Item                                                    # StepDefinition.StepDef.click_on_customers_menu_item()
  ✔ And Enter customer EMail                                                            # StepDefinition.StepDef.enter_customer_e_mail()
  ✔ When Click on search button                                                         # StepDefinition.StepDef.click_on_search_button()
  ✔ Then User should found Email in the Search table                                    # StepDefinition.StepDef.user_should_found_email_in_the_search_table()
  ✔ And close browser                                                                   # StepDefinition.StepDef.close_browser()
]]></system-out>
    <system-err><![CDATA[Oct 02, 2025 10:20:18 PM org.openqa.selenium.devtools.CdpVersionFinder findNearestMatch
WARNING: Unable to find an exact match for CDP version 140, returning the closest version; found: 139; Please update to a Selenium version that supports CDP version 140
]]></system-err>
  </testcase>
  <testcase name="Search Customer by Name" classname="Customers" time="9.863">
    <system-out><![CDATA[
Scenario: Search Customer by Name                                                       # file:///C:/Users/DELL/Documents/MyCucumberFrameWork/./Features/Customers.feature:28
  ✔ Given User Launch Chrome browser                                                    # StepDefinition.StepDef.user_launch_chrome_browser()
  ✔ When User open URL "https://admin-demo.nopcommerce.com/login?ReturnUrl=%2Fadmin%2F" # StepDefinition.StepDef.user_open_url(java.lang.String)
  ✔ And User enters Email as "admin@yourstore.com" and password as "admin"              # StepDefinition.StepDef.user_enters_email_as_and_password_as(java.lang.String,java.lang.String)
  ✔ And click on login button                                                           # StepDefinition.StepDef.click_on_login_button()
  ✔ Then User can view Dashboard                                                        # StepDefinition.StepDef.user_can_view_dashboard()
  ✔ When User click on customers Menu                                                   # StepDefinition.StepDef.user_click_on_customers_menu()
  ✔ And click on customers Menu Item                                                    # StepDefinition.StepDef.click_on_customers_menu_item()
  ✔ And Enter customer FirstName                                                        # StepDefinition.StepDef.enter_customer_first_name()
  ✔ And Enter customer LastName                                                         # StepDefinition.StepDef.enter_customer_last_name()
  ✔ When Click on search button                                                         # StepDefinition.StepDef.click_on_search_button()
  ✔ Then User should found Name in the Search table                                     # StepDefinition.StepDef.user_should_found_name_in_the_search_table()
  ✔ And close browser                                                                   # StepDefinition.StepDef.close_browser()
]]></system-out>
    <system-err><![CDATA[Oct 02, 2025 10:20:28 PM org.openqa.selenium.devtools.CdpVersionFinder findNearestMatch
WARNING: Unable to find an exact match for CDP version 140, returning the closest version; found: 139; Please update to a Selenium version that supports CDP version 140
]]></system-err>
  </testcase>
</testsuite>